{
  "stats": {
    "suites": 1,
    "tests": 1,
    "passes": 1,
    "pending": 0,
    "failures": 0,
    "start": "2021-07-03T08:21:42.236Z",
    "end": "2021-07-03T08:22:00.330Z",
    "duration": 18094,
    "testsRegistered": 1,
    "passPercent": 100,
    "pendingPercent": 0,
    "other": 0,
    "hasOther": false,
    "skipped": 0,
    "hasSkipped": false
  },
  "results": [
    {
      "uuid": "556cd5c4-e630-4ea2-a509-be8cf840104f",
      "title": "",
      "fullFile": "cypress/integration/mercuryDemo.spec.js",
      "file": "cypress/integration/mercuryDemo.spec.js",
      "beforeHooks": [],
      "afterHooks": [],
      "tests": [],
      "suites": [
        {
          "uuid": "b2682289-2cfe-46f8-898b-4b1d5fa9cc0e",
          "title": "Mercury Demo Test",
          "fullFile": "",
          "file": "",
          "beforeHooks": [],
          "afterHooks": [],
          "tests": [
            {
              "title": "enter credentials",
              "fullTitle": "Mercury Demo Test enter credentials",
              "timedOut": null,
              "duration": 8431,
              "state": "passed",
              "speed": "slow",
              "pass": true,
              "fail": false,
              "pending": false,
              "context": null,
              "code": "cy.get(':nth-child(2) > [width=\"112\"] > input', {\n  timeout: 6000\n}).type('mercury');\ncy.get(':nth-child(2) > [width=\"112\"] > input').should('have.value', 'mercury');\ncy.get(':nth-child(3) > [width=\"112\"] > input').type('mercury'); // cy.get(':nth-child(3) > [width=\"112\"] > input').should('have.text','mercury')\ncy.get(':nth-child(3) > [width=\"112\"] > input').should('have.value', 'mercury');\ncy.get('div > input').click();\ncy.get('h3').should('contain', 'Login Successfully');",
              "err": {},
              "uuid": "e4ba6201-4250-44bf-83b0-2ea57c8aea00",
              "parentUUID": "b2682289-2cfe-46f8-898b-4b1d5fa9cc0e",
              "isHook": false,
              "skipped": false
            }
          ],
          "suites": [],
          "passes": [
            "e4ba6201-4250-44bf-83b0-2ea57c8aea00"
          ],
          "failures": [],
          "pending": [],
          "skipped": [],
          "duration": 8431,
          "root": false,
          "rootEmpty": false,
          "_timeout": 2000
        }
      ],
      "passes": [],
      "failures": [],
      "pending": [],
      "skipped": [],
      "duration": 0,
      "root": true,
      "rootEmpty": true,
      "_timeout": 2000
    }
  ],
  "meta": {
    "mocha": {
      "version": "7.0.1"
    },
    "mochawesome": {
      "options": {
        "quiet": false,
        "reportFilename": "mochawesome",
        "saveHtml": false,
        "saveJson": true,
        "consoleReporter": "spec",
        "useInlineDiffs": false,
        "code": true
      },
      "version": "6.2.2"
    },
    "marge": {
      "options": {
        "overwrite": false,
        "html": false,
        "json": true
      },
      "version": "5.2.0"
    }
  }
}