{
  "stats": {
    "suites": 1,
    "tests": 1,
    "passes": 1,
    "pending": 0,
    "failures": 0,
    "start": "2021-07-03T08:20:56.891Z",
    "end": "2021-07-03T08:21:19.886Z",
    "duration": 22995,
    "testsRegistered": 1,
    "passPercent": 100,
    "pendingPercent": 0,
    "other": 0,
    "hasOther": false,
    "skipped": 0,
    "hasSkipped": false
  },
  "results": [
    {
      "uuid": "0a09053b-7e5d-476a-8c41-502bc0fc53b2",
      "title": "",
      "fullFile": "cypress/integration/demo-function-spec.js",
      "file": "cypress/integration/demo-function-spec.js",
      "beforeHooks": [],
      "afterHooks": [],
      "tests": [],
      "suites": [
        {
          "uuid": "3c19b9f0-38c0-436b-8611-6c65242d74ce",
          "title": "Mercury Tour Demo : With Function",
          "fullFile": "",
          "file": "",
          "beforeHooks": [],
          "afterHooks": [],
          "tests": [
            {
              "title": "Login Validation-Using function",
              "fullTitle": "Mercury Tour Demo : With Function Login Validation-Using function",
              "timedOut": null,
              "duration": 18259,
              "state": "passed",
              "speed": "slow",
              "pass": true,
              "fail": false,
              "pending": false,
              "context": null,
              "code": "(0, _pageFunctions.fnnavigate)();\n(0, _pageFunctions.fnenterUsername)('mercury');\n(0, _pageFunctions.fnenterPassword)('mercury');\n(0, _pageFunctions.fnclickSubmit)();\n(0, _pageFunctions.fnvalidateLoginStatus)('Login Successfully');",
              "err": {},
              "uuid": "21e22a7a-ce03-4e82-b5ba-5973945dbbfb",
              "parentUUID": "3c19b9f0-38c0-436b-8611-6c65242d74ce",
              "isHook": false,
              "skipped": false
            }
          ],
          "suites": [],
          "passes": [
            "21e22a7a-ce03-4e82-b5ba-5973945dbbfb"
          ],
          "failures": [],
          "pending": [],
          "skipped": [],
          "duration": 18259,
          "root": false,
          "rootEmpty": false,
          "_timeout": 2000
        }
      ],
      "passes": [],
      "failures": [],
      "pending": [],
      "skipped": [],
      "duration": 0,
      "root": true,
      "rootEmpty": true,
      "_timeout": 2000
    }
  ],
  "meta": {
    "mocha": {
      "version": "7.0.1"
    },
    "mochawesome": {
      "options": {
        "quiet": false,
        "reportFilename": "mochawesome",
        "saveHtml": false,
        "saveJson": true,
        "consoleReporter": "spec",
        "useInlineDiffs": false,
        "code": true
      },
      "version": "6.2.2"
    },
    "marge": {
      "options": {
        "overwrite": false,
        "html": false,
        "json": true
      },
      "version": "5.2.0"
    }
  }
}