{
  "stats": {
    "suites": 1,
    "tests": 1,
    "passes": 1,
    "pending": 0,
    "failures": 0,
    "start": "2021-07-03T08:21:28.326Z",
    "end": "2021-07-03T08:21:36.850Z",
    "duration": 8524,
    "testsRegistered": 1,
    "passPercent": 100,
    "pendingPercent": 0,
    "other": 0,
    "hasOther": false,
    "skipped": 0,
    "hasSkipped": false
  },
  "results": [
    {
      "uuid": "f1ec57a6-4a8f-4183-a240-3751423d8c3a",
      "title": "",
      "fullFile": "cypress/integration/demo-page-object-spec.js",
      "file": "cypress/integration/demo-page-object-spec.js",
      "beforeHooks": [],
      "afterHooks": [],
      "tests": [],
      "suites": [
        {
          "uuid": "197bbe11-3f85-44c2-9d1f-ed702c4a709e",
          "title": "Mercury Tour Demo : Page Object Class",
          "fullFile": "",
          "file": "",
          "beforeHooks": [],
          "afterHooks": [],
          "tests": [
            {
              "title": "Login Validation - Using Page Class",
              "fullTitle": "Mercury Tour Demo : Page Object Class Login Validation - Using Page Class",
              "timedOut": null,
              "duration": 6349,
              "state": "passed",
              "speed": "slow",
              "pass": true,
              "fail": false,
              "pending": false,
              "context": null,
              "code": "todoPage.navigate();\ntodoPage.enterUsername('mercury');\ntodoPage.enterPassword('mercury');\ntodoPage.clickSubmit(); // todoPage.validateLoginStatus('Login Successfully')",
              "err": {},
              "uuid": "fef38ab7-c318-4aa7-8a53-a5bda4bbb23e",
              "parentUUID": "197bbe11-3f85-44c2-9d1f-ed702c4a709e",
              "isHook": false,
              "skipped": false
            }
          ],
          "suites": [],
          "passes": [
            "fef38ab7-c318-4aa7-8a53-a5bda4bbb23e"
          ],
          "failures": [],
          "pending": [],
          "skipped": [],
          "duration": 6349,
          "root": false,
          "rootEmpty": false,
          "_timeout": 2000
        }
      ],
      "passes": [],
      "failures": [],
      "pending": [],
      "skipped": [],
      "duration": 0,
      "root": true,
      "rootEmpty": true,
      "_timeout": 2000
    }
  ],
  "meta": {
    "mocha": {
      "version": "7.0.1"
    },
    "mochawesome": {
      "options": {
        "quiet": false,
        "reportFilename": "mochawesome",
        "saveHtml": false,
        "saveJson": true,
        "consoleReporter": "spec",
        "useInlineDiffs": false,
        "code": true
      },
      "version": "6.2.2"
    },
    "marge": {
      "options": {
        "overwrite": false,
        "html": false,
        "json": true
      },
      "version": "5.2.0"
    }
  }
}